2023-05-21 20:07:28,034 p=5823 u=ec2-user n=ansible | 3.137.158.25 | UNREACHABLE! => {
    "changed": false,
    "msg": "Failed to connect to the host via ssh: ssh: connect to host 3.137.158.25 port 22: Connection timed out",
    "unreachable": true
}
2023-05-21 20:07:28,036 p=5823 u=ec2-user n=ansible | 18.216.179.186 | UNREACHABLE! => {
    "changed": false,
    "msg": "Failed to connect to the host via ssh: ssh: connect to host 18.216.179.186 port 22: Connection timed out",
    "unreachable": true
}
2023-05-21 20:08:42,917 p=5900 u=ec2-user n=ansible | 54.224.13.215 | UNREACHABLE! => {
    "changed": false,
    "msg": "Failed to connect to the host via ssh: Warning: Permanently added '54.224.13.215' (ECDSA) to the list of known hosts.\r\n@@@@@@@@@@@@@@@@@@@@@@@@@@@@@@@@@@@@@@@@@@@@@@@@@@@@@@@@@@@\r\n@         WARNING: UNPROTECTED PRIVATE KEY FILE!          @\r\n@@@@@@@@@@@@@@@@@@@@@@@@@@@@@@@@@@@@@@@@@@@@@@@@@@@@@@@@@@@\r\nPermissions 0664 for '/home/ec2-user/keypair.pem' are too open.\r\nIt is required that your private key files are NOT accessible by others.\r\nThis private key will be ignored.\r\nLoad key \"/home/ec2-user/keypair.pem\": bad permissions\r\nPermission denied (publickey,gssapi-keyex,gssapi-with-mic).",
    "unreachable": true
}
2023-05-21 20:08:42,918 p=5900 u=ec2-user n=ansible | 44.197.123.55 | UNREACHABLE! => {
    "changed": false,
    "msg": "Failed to connect to the host via ssh: Warning: Permanently added '44.197.123.55' (ECDSA) to the list of known hosts.\r\n@@@@@@@@@@@@@@@@@@@@@@@@@@@@@@@@@@@@@@@@@@@@@@@@@@@@@@@@@@@\r\n@         WARNING: UNPROTECTED PRIVATE KEY FILE!          @\r\n@@@@@@@@@@@@@@@@@@@@@@@@@@@@@@@@@@@@@@@@@@@@@@@@@@@@@@@@@@@\r\nPermissions 0664 for '/home/ec2-user/keypair.pem' are too open.\r\nIt is required that your private key files are NOT accessible by others.\r\nThis private key will be ignored.\r\nLoad key \"/home/ec2-user/keypair.pem\": bad permissions\r\nPermission denied (publickey,gssapi-keyex,gssapi-with-mic).",
    "unreachable": true
}
2023-05-21 20:08:56,296 p=5947 u=ec2-user n=ansible | 44.197.123.55 | UNREACHABLE! => {
    "changed": false,
    "msg": "Failed to connect to the host via ssh: @@@@@@@@@@@@@@@@@@@@@@@@@@@@@@@@@@@@@@@@@@@@@@@@@@@@@@@@@@@\r\n@         WARNING: UNPROTECTED PRIVATE KEY FILE!          @\r\n@@@@@@@@@@@@@@@@@@@@@@@@@@@@@@@@@@@@@@@@@@@@@@@@@@@@@@@@@@@\r\nPermissions 0664 for '/home/ec2-user/keypair.pem' are too open.\r\nIt is required that your private key files are NOT accessible by others.\r\nThis private key will be ignored.\r\nLoad key \"/home/ec2-user/keypair.pem\": bad permissions\r\nPermission denied (publickey,gssapi-keyex,gssapi-with-mic).",
    "unreachable": true
}
2023-05-21 20:08:56,296 p=5947 u=ec2-user n=ansible | 54.224.13.215 | UNREACHABLE! => {
    "changed": false,
    "msg": "Failed to connect to the host via ssh: @@@@@@@@@@@@@@@@@@@@@@@@@@@@@@@@@@@@@@@@@@@@@@@@@@@@@@@@@@@\r\n@         WARNING: UNPROTECTED PRIVATE KEY FILE!          @\r\n@@@@@@@@@@@@@@@@@@@@@@@@@@@@@@@@@@@@@@@@@@@@@@@@@@@@@@@@@@@\r\nPermissions 0664 for '/home/ec2-user/keypair.pem' are too open.\r\nIt is required that your private key files are NOT accessible by others.\r\nThis private key will be ignored.\r\nLoad key \"/home/ec2-user/keypair.pem\": bad permissions\r\nPermission denied (publickey,gssapi-keyex,gssapi-with-mic).",
    "unreachable": true
}
2023-05-21 20:11:09,419 p=6069 u=ec2-user n=ansible | 54.224.13.215 | SUCCESS => {
    "ansible_facts": {
        "discovered_interpreter_python": "/usr/bin/python"
    },
    "changed": false,
    "ping": "pong"
}
2023-05-21 20:11:09,499 p=6069 u=ec2-user n=ansible | 44.197.123.55 | SUCCESS => {
    "ansible_facts": {
        "discovered_interpreter_python": "/usr/bin/python"
    },
    "changed": false,
    "ping": "pong"
}
2023-05-21 20:41:47,939 p=1763 u=ec2-user n=ansible | PLAY [qaserver] ***********************************************************************************
2023-05-21 20:41:47,955 p=1763 u=ec2-user n=ansible | TASK [Gathering Facts] ****************************************************************************
2023-05-21 20:41:50,901 p=1763 u=ec2-user n=ansible | ok: [44.197.123.55]
2023-05-21 20:41:50,942 p=1763 u=ec2-user n=ansible | TASK [apache : Install Apache] ********************************************************************
2023-05-21 20:41:52,991 p=1763 u=ec2-user n=ansible | changed: [44.197.123.55]
2023-05-21 20:41:53,010 p=1763 u=ec2-user n=ansible | TASK [apache : copy index file] *******************************************************************
2023-05-21 20:41:53,113 p=1763 u=ec2-user n=ansible | An exception occurred during task execution. To see the full traceback, use -vvv. The error was: If you are using a module and expect the file to exist on the remote, see the remote_src option
2023-05-21 20:41:53,114 p=1763 u=ec2-user n=ansible | fatal: [44.197.123.55]: FAILED! => {"changed": false, "msg": "Could not find or access 'file/index.html'\nSearched in:\n\t/home/ec2-user/roles/apache/files/file/index.html\n\t/home/ec2-user/roles/apache/file/index.html\n\t/home/ec2-user/roles/apache/tasks/files/file/index.html\n\t/home/ec2-user/roles/apache/tasks/file/index.html\n\t/home/ec2-user/files/file/index.html\n\t/home/ec2-user/file/index.html on the Ansible Controller.\nIf you are using a module and expect the file to exist on the remote, see the remote_src option"}
2023-05-21 20:41:53,115 p=1763 u=ec2-user n=ansible | PLAY RECAP ****************************************************************************************
2023-05-21 20:41:53,116 p=1763 u=ec2-user n=ansible | 44.197.123.55              : ok=2    changed=1    unreachable=0    failed=1    skipped=0    rescued=0    ignored=0   
2023-05-21 20:43:02,408 p=1855 u=ec2-user n=ansible | PLAY [qaserver] ***********************************************************************************
2023-05-21 20:43:02,423 p=1855 u=ec2-user n=ansible | TASK [Gathering Facts] ****************************************************************************
2023-05-21 20:43:04,349 p=1855 u=ec2-user n=ansible | ok: [44.197.123.55]
2023-05-21 20:43:04,371 p=1855 u=ec2-user n=ansible | TASK [apache : Install Apache] ********************************************************************
2023-05-21 20:43:05,881 p=1855 u=ec2-user n=ansible | changed: [44.197.123.55]
2023-05-21 20:43:05,894 p=1855 u=ec2-user n=ansible | TASK [apache : copy index file] *******************************************************************
2023-05-21 20:43:06,277 p=1855 u=ec2-user n=ansible | changed: [44.197.123.55]
2023-05-21 20:43:06,309 p=1855 u=ec2-user n=ansible | PLAY RECAP ****************************************************************************************
2023-05-21 20:43:06,310 p=1855 u=ec2-user n=ansible | 44.197.123.55              : ok=3    changed=2    unreachable=0    failed=0    skipped=0    rescued=0    ignored=0   
2023-05-21 20:43:53,107 p=1979 u=ec2-user n=ansible | PLAY [qaserver] ***********************************************************************************
2023-05-21 20:43:53,121 p=1979 u=ec2-user n=ansible | TASK [Gathering Facts] ****************************************************************************
2023-05-21 20:43:54,903 p=1979 u=ec2-user n=ansible | ok: [44.197.123.55]
2023-05-21 20:43:54,924 p=1979 u=ec2-user n=ansible | TASK [apache : Install Apache] ********************************************************************
2023-05-21 20:44:04,317 p=1979 u=ec2-user n=ansible | changed: [44.197.123.55]
2023-05-21 20:44:04,330 p=1979 u=ec2-user n=ansible | TASK [apache : copy index file] *******************************************************************
2023-05-21 20:44:05,818 p=1979 u=ec2-user n=ansible | changed: [44.197.123.55]
2023-05-21 20:44:05,851 p=1979 u=ec2-user n=ansible | PLAY RECAP ****************************************************************************************
2023-05-21 20:44:05,851 p=1979 u=ec2-user n=ansible | 44.197.123.55              : ok=3    changed=2    unreachable=0    failed=0    skipped=0    rescued=0    ignored=0   
2023-05-21 20:46:16,526 p=2090 u=ec2-user n=ansible | PLAY [qaserver] ***********************************************************************************
2023-05-21 20:46:16,543 p=2090 u=ec2-user n=ansible | TASK [Gathering Facts] ****************************************************************************
2023-05-21 20:46:19,492 p=2090 u=ec2-user n=ansible | ok: [44.197.123.55]
2023-05-21 20:46:19,515 p=2090 u=ec2-user n=ansible | TASK [apache : Install Apache] ********************************************************************
2023-05-21 20:46:20,710 p=2090 u=ec2-user n=ansible | ok: [44.197.123.55]
2023-05-21 20:46:20,722 p=2090 u=ec2-user n=ansible | TASK [apache : copy index file] *******************************************************************
2023-05-21 20:46:22,243 p=2090 u=ec2-user n=ansible | ok: [44.197.123.55]
2023-05-21 20:46:22,275 p=2090 u=ec2-user n=ansible | PLAY RECAP ****************************************************************************************
2023-05-21 20:46:22,276 p=2090 u=ec2-user n=ansible | 44.197.123.55              : ok=3    changed=0    unreachable=0    failed=0    skipped=0    rescued=0    ignored=0   
2023-05-21 20:46:48,075 p=2207 u=ec2-user n=ansible | PLAY [qaserver] ***********************************************************************************
2023-05-21 20:46:48,090 p=2207 u=ec2-user n=ansible | TASK [Gathering Facts] ****************************************************************************
2023-05-21 20:46:49,766 p=2207 u=ec2-user n=ansible | ok: [44.197.123.55]
2023-05-21 20:46:49,788 p=2207 u=ec2-user n=ansible | TASK [apache : Install Apache] ********************************************************************
2023-05-21 20:46:50,833 p=2207 u=ec2-user n=ansible | ok: [44.197.123.55]
2023-05-21 20:46:50,845 p=2207 u=ec2-user n=ansible | TASK [apache : copy index file] *******************************************************************
2023-05-21 20:46:51,945 p=2207 u=ec2-user n=ansible | changed: [44.197.123.55]
2023-05-21 20:46:51,966 p=2207 u=ec2-user n=ansible | RUNNING HANDLER [apache : restart apache] *********************************************************
2023-05-21 20:46:52,692 p=2207 u=ec2-user n=ansible | changed: [44.197.123.55]
2023-05-21 20:46:52,705 p=2207 u=ec2-user n=ansible | PLAY RECAP ****************************************************************************************
2023-05-21 20:46:52,705 p=2207 u=ec2-user n=ansible | 44.197.123.55              : ok=4    changed=2    unreachable=0    failed=0    skipped=0    rescued=0    ignored=0   
2023-05-21 20:54:05,595 p=2442 u=ec2-user n=ansible | Starting galaxy role install process
2023-05-21 20:54:05,596 p=2442 u=ec2-user n=ansible | - downloading role 'java', owned by geerlingguy
2023-05-21 20:54:05,784 p=2442 u=ec2-user n=ansible | - downloading role from https://github.com/geerlingguy/ansible-role-java/archive/2.3.0.tar.gz
2023-05-21 20:54:05,884 p=2442 u=ec2-user n=ansible | - extracting geerlingguy.java to /home/ec2-user/roles/geerlingguy.java
2023-05-21 20:54:05,889 p=2442 u=ec2-user n=ansible | - geerlingguy.java (2.3.0) was installed successfully
2023-05-21 21:34:47,638 p=3093 u=ec2-user n=ansible | 44.197.123.55 | SUCCESS => {
    "ansible_facts": {
        "ansible_all_ipv4_addresses": [
            "172.31.5.163"
        ],
        "ansible_all_ipv6_addresses": [
            "fe80::42:81ff:febc:67ad"
        ],
        "ansible_apparmor": {
            "status": "disabled"
        },
        "ansible_architecture": "x86_64",
        "ansible_bios_date": "10/16/2017",
        "ansible_bios_vendor": "Amazon EC2",
        "ansible_bios_version": "1.0",
        "ansible_board_asset_tag": "i-0625b058bc2cb1e72",
        "ansible_board_name": "NA",
        "ansible_board_serial": "NA",
        "ansible_board_vendor": "Amazon EC2",
        "ansible_board_version": "NA",
        "ansible_chassis_asset_tag": "Amazon EC2",
        "ansible_chassis_serial": "NA",
        "ansible_chassis_vendor": "Amazon EC2",
        "ansible_chassis_version": "NA",
        "ansible_cmdline": {
            "BOOT_IMAGE": "/boot/vmlinuz-4.14.313-235.533.amzn2.x86_64",
            "biosdevname": "0",
            "console": "ttyS0,115200n8",
            "net.ifnames": "0",
            "nvme_core.io_timeout": "4294967295",
            "rd.emergency": "poweroff",
            "rd.shell": "0",
            "ro": true,
            "root": "UUID=30d6f3ce-a17d-4caf-ac89-e9f959c387e8"
        },
        "ansible_date_time": {
            "date": "2023-05-21",
            "day": "21",
            "epoch": "1684704887",
            "hour": "21",
            "iso8601": "2023-05-21T21:34:47Z",
            "iso8601_basic": "20230521T213447584479",
            "iso8601_basic_short": "20230521T213447",
            "iso8601_micro": "2023-05-21T21:34:47.584479Z",
            "minute": "34",
            "month": "05",
            "second": "47",
            "time": "21:34:47",
            "tz": "UTC",
            "tz_dst": "UTC",
            "tz_offset": "+0000",
            "weekday": "Sunday",
            "weekday_number": "0",
            "weeknumber": "20",
            "year": "2023"
        },
        "ansible_default_ipv4": {
            "address": "172.31.5.163",
            "alias": "eth0",
            "broadcast": "172.31.15.255",
            "gateway": "172.31.0.1",
            "interface": "eth0",
            "macaddress": "02:42:81:bc:67:ad",
            "mtu": 9001,
            "netmask": "255.255.240.0",
            "network": "172.31.0.0",
            "type": "ether"
        },
        "ansible_default_ipv6": {},
        "ansible_device_links": {
            "ids": {
                "nvme0n1": [
                    "nvme-Amazon_Elastic_Block_Store_vol069de149612dd7c15",
                    "nvme-Amazon_Elastic_Block_Store_vol069de149612dd7c15-ns-1",
                    "nvme-nvme.1d0f-766f6c3036396465313439363132646437633135-416d617a6f6e20456c617374696320426c6f636b2053746f7265-00000001"
                ],
                "nvme0n1p1": [
                    "nvme-Amazon_Elastic_Block_Store_vol069de149612dd7c15-ns-1-part1",
                    "nvme-Amazon_Elastic_Block_Store_vol069de149612dd7c15-part1",
                    "nvme-nvme.1d0f-766f6c3036396465313439363132646437633135-416d617a6f6e20456c617374696320426c6f636b2053746f7265-00000001-part1"
                ],
                "nvme0n1p128": [
                    "nvme-Amazon_Elastic_Block_Store_vol069de149612dd7c15-ns-1-part128",
                    "nvme-Amazon_Elastic_Block_Store_vol069de149612dd7c15-part128",
                    "nvme-nvme.1d0f-766f6c3036396465313439363132646437633135-416d617a6f6e20456c617374696320426c6f636b2053746f7265-00000001-part128"
                ]
            },
            "labels": {
                "nvme0n1p1": [
                    "\\x2f"
                ]
            },
            "masters": {},
            "uuids": {
                "nvme0n1p1": [
                    "30d6f3ce-a17d-4caf-ac89-e9f959c387e8"
                ]
            }
        },
        "ansible_devices": {
            "nvme0n1": {
                "holders": [],
                "host": "Non-Volatile memory controller: Amazon.com, Inc. Device 8061",
                "links": {
                    "ids": [
                        "nvme-Amazon_Elastic_Block_Store_vol069de149612dd7c15",
                        "nvme-Amazon_Elastic_Block_Store_vol069de149612dd7c15-ns-1",
                        "nvme-nvme.1d0f-766f6c3036396465313439363132646437633135-416d617a6f6e20456c617374696320426c6f636b2053746f7265-00000001"
                    ],
                    "labels": [],
                    "masters": [],
                    "uuids": []
                },
                "model": "Amazon Elastic Block Store",
                "partitions": {
                    "nvme0n1p1": {
                        "holders": [],
                        "links": {
                            "ids": [
                                "nvme-Amazon_Elastic_Block_Store_vol069de149612dd7c15-ns-1-part1",
                                "nvme-Amazon_Elastic_Block_Store_vol069de149612dd7c15-part1",
                                "nvme-nvme.1d0f-766f6c3036396465313439363132646437633135-416d617a6f6e20456c617374696320426c6f636b2053746f7265-00000001-part1"
                            ],
                            "labels": [
                                "\\x2f"
                            ],
                            "masters": [],
                            "uuids": [
                                "30d6f3ce-a17d-4caf-ac89-e9f959c387e8"
                            ]
                        },
                        "sectors": "16773087",
                        "sectorsize": 512,
                        "size": "8.00 GB",
                        "start": "4096",
                        "uuid": "30d6f3ce-a17d-4caf-ac89-e9f959c387e8"
                    },
                    "nvme0n1p128": {
                        "holders": [],
                        "links": {
                            "ids": [
                                "nvme-Amazon_Elastic_Block_Store_vol069de149612dd7c15-ns-1-part128",
                                "nvme-Amazon_Elastic_Block_Store_vol069de149612dd7c15-part128",
                                "nvme-nvme.1d0f-766f6c3036396465313439363132646437633135-416d617a6f6e20456c617374696320426c6f636b2053746f7265-00000001-part128"
                            ],
                            "labels": [],
                            "masters": [],
                            "uuids": []
                        },
                        "sectors": "2048",
                        "sectorsize": 512,
                        "size": "1.00 MB",
                        "start": "2048",
                        "uuid": null
                    }
                },
                "removable": "0",
                "rotational": "0",
                "sas_address": null,
                "sas_device_handle": null,
                "scheduler_mode": "none",
                "sectors": "16777216",
                "sectorsize": "512",
                "serial": "vol069de149612dd7c15",
                "size": "8.00 GB",
                "support_discard": "0",
                "vendor": null,
                "virtual": 1
            }
        },
        "ansible_distribution": "Amazon",
        "ansible_distribution_file_parsed": true,
        "ansible_distribution_file_path": "/etc/os-release",
        "ansible_distribution_file_variety": "Amazon",
        "ansible_distribution_major_version": "2",
        "ansible_distribution_minor_version": "NA",
        "ansible_distribution_release": "NA",
        "ansible_distribution_version": "2",
        "ansible_dns": {
            "nameservers": [
                "172.31.0.2"
            ],
            "options": {
                "attempts": "5",
                "timeout": "2"
            },
            "search": [
                "ec2.internal"
            ]
        },
        "ansible_domain": "ec2.internal",
        "ansible_effective_group_id": 1000,
        "ansible_effective_user_id": 1000,
        "ansible_env": {
            "HOME": "/home/ec2-user",
            "LANG": "en_US.UTF-8",
            "LESSOPEN": "||/usr/bin/lesspipe.sh %s",
            "LOGNAME": "ec2-user",
            "LS_COLORS": "rs=0:di=38;5;27:ln=38;5;51:mh=44;38;5;15:pi=40;38;5;11:so=38;5;13:do=38;5;5:bd=48;5;232;38;5;11:cd=48;5;232;38;5;3:or=48;5;232;38;5;9:mi=05;48;5;232;38;5;15:su=48;5;196;38;5;15:sg=48;5;11;38;5;16:ca=48;5;196;38;5;226:tw=48;5;10;38;5;16:ow=48;5;10;38;5;21:st=48;5;21;38;5;15:ex=38;5;34:*.tar=38;5;9:*.tgz=38;5;9:*.arc=38;5;9:*.arj=38;5;9:*.taz=38;5;9:*.lha=38;5;9:*.lz4=38;5;9:*.lzh=38;5;9:*.lzma=38;5;9:*.tlz=38;5;9:*.txz=38;5;9:*.tzo=38;5;9:*.t7z=38;5;9:*.zip=38;5;9:*.z=38;5;9:*.Z=38;5;9:*.dz=38;5;9:*.gz=38;5;9:*.lrz=38;5;9:*.lz=38;5;9:*.lzo=38;5;9:*.xz=38;5;9:*.bz2=38;5;9:*.bz=38;5;9:*.tbz=38;5;9:*.tbz2=38;5;9:*.tz=38;5;9:*.deb=38;5;9:*.rpm=38;5;9:*.jar=38;5;9:*.war=38;5;9:*.ear=38;5;9:*.sar=38;5;9:*.rar=38;5;9:*.alz=38;5;9:*.ace=38;5;9:*.zoo=38;5;9:*.cpio=38;5;9:*.7z=38;5;9:*.rz=38;5;9:*.cab=38;5;9:*.jpg=38;5;13:*.jpeg=38;5;13:*.gif=38;5;13:*.bmp=38;5;13:*.pbm=38;5;13:*.pgm=38;5;13:*.ppm=38;5;13:*.tga=38;5;13:*.xbm=38;5;13:*.xpm=38;5;13:*.tif=38;5;13:*.tiff=38;5;13:*.png=38;5;13:*.svg=38;5;13:*.svgz=38;5;13:*.mng=38;5;13:*.pcx=38;5;13:*.mov=38;5;13:*.mpg=38;5;13:*.mpeg=38;5;13:*.m2v=38;5;13:*.mkv=38;5;13:*.webm=38;5;13:*.ogm=38;5;13:*.mp4=38;5;13:*.m4v=38;5;13:*.mp4v=38;5;13:*.vob=38;5;13:*.qt=38;5;13:*.nuv=38;5;13:*.wmv=38;5;13:*.asf=38;5;13:*.rm=38;5;13:*.rmvb=38;5;13:*.flc=38;5;13:*.avi=38;5;13:*.fli=38;5;13:*.flv=38;5;13:*.gl=38;5;13:*.dl=38;5;13:*.xcf=38;5;13:*.xwd=38;5;13:*.yuv=38;5;13:*.cgm=38;5;13:*.emf=38;5;13:*.axv=38;5;13:*.anx=38;5;13:*.ogv=38;5;13:*.ogx=38;5;13:*.aac=38;5;45:*.au=38;5;45:*.flac=38;5;45:*.mid=38;5;45:*.midi=38;5;45:*.mka=38;5;45:*.mp3=38;5;45:*.mpc=38;5;45:*.ogg=38;5;45:*.ra=38;5;45:*.wav=38;5;45:*.axa=38;5;45:*.oga=38;5;45:*.spx=38;5;45:*.xspf=38;5;45:",
            "MAIL": "/var/mail/ec2-user",
            "PATH": "/usr/local/bin:/usr/bin",
            "PWD": "/home/ec2-user",
            "SHELL": "/bin/bash",
            "SHLVL": "2",
            "SSH_CLIENT": "54.167.171.117 45322 22",
            "SSH_CONNECTION": "54.167.171.117 45322 172.31.5.163 22",
            "SSH_TTY": "/dev/pts/0",
            "TERM": "xterm-256color",
            "USER": "ec2-user",
            "XDG_RUNTIME_DIR": "/run/user/1000",
            "XDG_SESSION_ID": "18",
            "_": "/usr/bin/python"
        },
        "ansible_eth0": {
            "active": true,
            "device": "eth0",
            "features": {
                "esp_hw_offload": "off [fixed]",
                "esp_tx_csum_hw_offload": "off [fixed]",
                "fcoe_mtu": "off [fixed]",
                "generic_receive_offload": "on",
                "generic_segmentation_offload": "on",
                "highdma": "on",
                "hw_tc_offload": "off [fixed]",
                "l2_fwd_offload": "off [fixed]",
                "large_receive_offload": "off [fixed]",
                "loopback": "off [fixed]",
                "netns_local": "off [fixed]",
                "ntuple_filters": "off [fixed]",
                "receive_hashing": "on",
                "rx_all": "off [fixed]",
                "rx_checksumming": "off [fixed]",
                "rx_fcs": "off [fixed]",
                "rx_udp_tunnel_port_offload": "off [fixed]",
                "rx_vlan_filter": "off [fixed]",
                "rx_vlan_offload": "off [fixed]",
                "rx_vlan_stag_filter": "off [fixed]",
                "rx_vlan_stag_hw_parse": "off [fixed]",
                "scatter_gather": "on",
                "tcp_segmentation_offload": "off",
                "tx_checksum_fcoe_crc": "off [fixed]",
                "tx_checksum_ip_generic": "off [fixed]",
                "tx_checksum_ipv4": "on",
                "tx_checksum_ipv6": "off [fixed]",
                "tx_checksum_sctp": "off [fixed]",
                "tx_checksumming": "on",
                "tx_esp_segmentation": "off [fixed]",
                "tx_fcoe_segmentation": "off [fixed]",
                "tx_gre_csum_segmentation": "off [fixed]",
                "tx_gre_segmentation": "off [fixed]",
                "tx_gso_partial": "off [fixed]",
                "tx_gso_robust": "off [fixed]",
                "tx_ipxip4_segmentation": "off [fixed]",
                "tx_ipxip6_segmentation": "off [fixed]",
                "tx_lockless": "off [fixed]",
                "tx_nocache_copy": "off",
                "tx_scatter_gather": "on",
                "tx_scatter_gather_fraglist": "off [fixed]",
                "tx_sctp_segmentation": "off [fixed]",
                "tx_tcp6_segmentation": "off [fixed]",
                "tx_tcp_ecn_segmentation": "off [fixed]",
                "tx_tcp_mangleid_segmentation": "off [fixed]",
                "tx_tcp_segmentation": "off [fixed]",
                "tx_udp_tnl_csum_segmentation": "off [fixed]",
                "tx_udp_tnl_segmentation": "off [fixed]",
                "tx_vlan_offload": "off [fixed]",
                "tx_vlan_stag_hw_insert": "off [fixed]",
                "udp_fragmentation_offload": "off",
                "vlan_challenged": "off [fixed]"
            },
            "hw_timestamp_filters": [],
            "ipv4": {
                "address": "172.31.5.163",
                "broadcast": "172.31.15.255",
                "netmask": "255.255.240.0",
                "network": "172.31.0.0"
            },
            "ipv6": [
                {
                    "address": "fe80::42:81ff:febc:67ad",
                    "prefix": "64",
                    "scope": "link"
                }
            ],
            "macaddress": "02:42:81:bc:67:ad",
            "module": "ena",
            "mtu": 9001,
            "pciid": "0000:00:05.0",
            "promisc": false,
            "timestamping": [
                "tx_software",
                "rx_software",
                "software"
            ],
            "type": "ether"
        },
        "ansible_fibre_channel_wwn": [],
        "ansible_fips": false,
        "ansible_form_factor": "Other",
        "ansible_fqdn": "ip-172-31-5-163.ec2.internal",
        "ansible_hostname": "ip-172-31-5-163",
        "ansible_hostnqn": "",
        "ansible_interfaces": [
            "lo",
            "eth0"
        ],
        "ansible_is_chroot": true,
        "ansible_iscsi_iqn": "",
        "ansible_kernel": "4.14.313-235.533.amzn2.x86_64",
        "ansible_kernel_version": "#1 SMP Tue Apr 25 15:24:19 UTC 2023",
        "ansible_lo": {
            "active": true,
            "device": "lo",
            "features": {
                "esp_hw_offload": "off [fixed]",
                "esp_tx_csum_hw_offload": "off [fixed]",
                "fcoe_mtu": "off [fixed]",
                "generic_receive_offload": "on",
                "generic_segmentation_offload": "on",
                "highdma": "on [fixed]",
                "hw_tc_offload": "off [fixed]",
                "l2_fwd_offload": "off [fixed]",
                "large_receive_offload": "off [fixed]",
                "loopback": "on [fixed]",
                "netns_local": "on [fixed]",
                "ntuple_filters": "off [fixed]",
                "receive_hashing": "off [fixed]",
                "rx_all": "off [fixed]",
                "rx_checksumming": "on [fixed]",
                "rx_fcs": "off [fixed]",
                "rx_udp_tunnel_port_offload": "off [fixed]",
                "rx_vlan_filter": "off [fixed]",
                "rx_vlan_offload": "off [fixed]",
                "rx_vlan_stag_filter": "off [fixed]",
                "rx_vlan_stag_hw_parse": "off [fixed]",
                "scatter_gather": "on",
                "tcp_segmentation_offload": "on",
                "tx_checksum_fcoe_crc": "off [fixed]",
                "tx_checksum_ip_generic": "on [fixed]",
                "tx_checksum_ipv4": "off [fixed]",
                "tx_checksum_ipv6": "off [fixed]",
                "tx_checksum_sctp": "on [fixed]",
                "tx_checksumming": "on",
                "tx_esp_segmentation": "off [fixed]",
                "tx_fcoe_segmentation": "off [fixed]",
                "tx_gre_csum_segmentation": "off [fixed]",
                "tx_gre_segmentation": "off [fixed]",
                "tx_gso_partial": "off [fixed]",
                "tx_gso_robust": "off [fixed]",
                "tx_ipxip4_segmentation": "off [fixed]",
                "tx_ipxip6_segmentation": "off [fixed]",
                "tx_lockless": "on [fixed]",
                "tx_nocache_copy": "off [fixed]",
                "tx_scatter_gather": "on [fixed]",
                "tx_scatter_gather_fraglist": "on [fixed]",
                "tx_sctp_segmentation": "on",
                "tx_tcp6_segmentation": "on",
                "tx_tcp_ecn_segmentation": "on",
                "tx_tcp_mangleid_segmentation": "on",
                "tx_tcp_segmentation": "on",
                "tx_udp_tnl_csum_segmentation": "off [fixed]",
                "tx_udp_tnl_segmentation": "off [fixed]",
                "tx_vlan_offload": "off [fixed]",
                "tx_vlan_stag_hw_insert": "off [fixed]",
                "udp_fragmentation_offload": "off",
                "vlan_challenged": "on [fixed]"
            },
            "hw_timestamp_filters": [],
            "ipv4": {
                "address": "127.0.0.1",
                "broadcast": "",
                "netmask": "255.0.0.0",
                "network": "127.0.0.0"
            },
            "ipv6": [
                {
                    "address": "::1",
                    "prefix": "128",
                    "scope": "host"
                }
            ],
            "mtu": 65536,
            "promisc": false,
            "timestamping": [
                "tx_software",
                "rx_software",
                "software"
            ],
            "type": "loopback"
        },
        "ansible_local": {},
        "ansible_lsb": {},
        "ansible_machine": "x86_64",
        "ansible_machine_id": "ec2caacf59cb235f95eaf6341b839f0b",
        "ansible_memfree_mb": 1599,
        "ansible_memory_mb": {
            "nocache": {
                "free": 1793,
                "used": 149
            },
            "real": {
                "free": 1599,
                "total": 1942,
                "used": 343
            },
            "swap": {
                "cached": 0,
                "free": 0,
                "total": 0,
                "used": 0
            }
        },
        "ansible_memtotal_mb": 1942,
        "ansible_mounts": [
            {
                "block_available": 1694155,
                "block_size": 4096,
                "block_total": 2094075,
                "block_used": 399920,
                "device": "/dev/nvme0n1p1",
                "fstype": "xfs",
                "inode_available": 4144383,
                "inode_total": 4193216,
                "inode_used": 48833,
                "mount": "/",
                "options": "rw,noatime,attr2,inode64,noquota",
                "size_available": 6939258880,
                "size_total": 8577331200,
                "uuid": "30d6f3ce-a17d-4caf-ac89-e9f959c387e8"
            }
        ],
        "ansible_nodename": "ip-172-31-5-163.ec2.internal",
        "ansible_os_family": "RedHat",
        "ansible_pkg_mgr": "yum",
        "ansible_proc_cmdline": {
            "BOOT_IMAGE": "/boot/vmlinuz-4.14.313-235.533.amzn2.x86_64",
            "biosdevname": "0",
            "console": [
                "tty0",
                "ttyS0,115200n8"
            ],
            "net.ifnames": "0",
            "nvme_core.io_timeout": "4294967295",
            "rd.emergency": "poweroff",
            "rd.shell": "0",
            "ro": true,
            "root": "UUID=30d6f3ce-a17d-4caf-ac89-e9f959c387e8"
        },
        "ansible_processor": [
            "0",
            "GenuineIntel",
            "Intel(R) Xeon(R) Platinum 8259CL CPU @ 2.50GHz",
            "1",
            "GenuineIntel",
            "Intel(R) Xeon(R) Platinum 8259CL CPU @ 2.50GHz"
        ],
        "ansible_processor_cores": 1,
        "ansible_processor_count": 1,
        "ansible_processor_nproc": 2,
        "ansible_processor_threads_per_core": 2,
        "ansible_processor_vcpus": 2,
        "ansible_product_name": "t3.small",
        "ansible_product_serial": "NA",
        "ansible_product_uuid": "NA",
        "ansible_product_version": "NA",
        "ansible_python": {
            "executable": "/usr/bin/python",
            "has_sslcontext": true,
            "type": "CPython",
            "version": {
                "major": 2,
                "micro": 18,
                "minor": 7,
                "releaselevel": "final",
                "serial": 0
            },
            "version_info": [
                2,
                7,
                18,
                "final",
                0
            ]
        },
        "ansible_python_version": "2.7.18",
        "ansible_real_group_id": 1000,
        "ansible_real_user_id": 1000,
        "ansible_selinux": {
            "status": "disabled"
        },
        "ansible_selinux_python_present": true,
        "ansible_service_mgr": "systemd",
        "ansible_ssh_host_key_ecdsa_public": "AAAAE2VjZHNhLXNoYTItbmlzdHAyNTYAAAAIbmlzdHAyNTYAAABBBO1Pb8LoYAFVldyUQIM7mwEHzSnFW/ukTbpMg8co0JK6nAmU3UC92pfbusbqsME8HgDlI4t5O9Yc/Gjm1fmp1BM=",
        "ansible_ssh_host_key_ecdsa_public_keytype": "ecdsa-sha2-nistp256",
        "ansible_ssh_host_key_ed25519_public": "AAAAC3NzaC1lZDI1NTE5AAAAIC3L4GUfd1ZeTZ9pCQwsOgSlJ2cDwQB+7PZJf7tEFqfk",
        "ansible_ssh_host_key_ed25519_public_keytype": "ssh-ed25519",
        "ansible_ssh_host_key_rsa_public": "AAAAB3NzaC1yc2EAAAADAQABAAABAQCsjo91nEr4tRyHOVOu4HCHSmqZwahlI9+7F18/Hk+CYEx0xfifm0dUS2S7LoXFdqSR1hO/6IHAJdNX8euE+tQ49GYhaN+At2k+uLlipwZLZTY9pdcHKterz5HSQQwRsaIvj0x4AGFoGyInvHPnFS+FwlF58ikEJ94cmUOfLcDvLdNPwGsxtF/ENKlzwAj96Evc+naSXa0qyhsj5UhcBNvsjzwj307XZJUVAhQ7HFHGMVeZyx0hp1FantZqoOB07TPDF561EjMvcfqv3vZ4wpoQNglpMUpesh3MkLSCWd1yYGuxJuJetp8pMz3r1V/ifpMVSq4QRHotu9VHR4s0/4mp",
        "ansible_ssh_host_key_rsa_public_keytype": "ssh-rsa",
        "ansible_swapfree_mb": 0,
        "ansible_swaptotal_mb": 0,
        "ansible_system": "Linux",
        "ansible_system_capabilities": [
            ""
        ],
        "ansible_system_capabilities_enforced": "True",
        "ansible_system_vendor": "Amazon EC2",
        "ansible_uptime_seconds": 6657,
        "ansible_user_dir": "/home/ec2-user",
        "ansible_user_gecos": "EC2 Default User",
        "ansible_user_gid": 1000,
        "ansible_user_id": "ec2-user",
        "ansible_user_shell": "/bin/bash",
        "ansible_user_uid": 1000,
        "ansible_userspace_architecture": "x86_64",
        "ansible_userspace_bits": "64",
        "ansible_virtualization_role": "guest",
        "ansible_virtualization_tech_guest": [
            "kvm"
        ],
        "ansible_virtualization_tech_host": [],
        "ansible_virtualization_type": "kvm",
        "discovered_interpreter_python": "/usr/bin/python",
        "gather_subset": [
            "all"
        ],
        "module_setup": true
    },
    "changed": false
}
